# JRE version: OpenJDK Runtime Environment (11.0.10) (build 11.0.10+0-b96-7249189)
# Java VM: OpenJDK 64-Bit Server VM (11.0.10+0-b96-7249189, mixed mode, tiered, compressed oops, g1 gc, windows-amd64)
Heap:
 garbage-first heap   total 280576K, used 204089K [0x0000000080000000, 0x0000000100000000)
  region size 1024K, 77 young (78848K), 2 survivors (2048K)
 Metaspace       used 133940K, capacity 137648K, committed 137984K, reserved 1169408K
  class space    used 16718K, capacity 18061K, committed 18176K, reserved 1048576K
GC Heap History (20 events):
Event: 2276.511 GC heap before
{Heap before GC invocations=30 (full 0):
 garbage-first heap   total 280576K, used 160857K [0x0000000080000000, 0x0000000100000000)
  region size 1024K, 13 young (13312K), 7 survivors (7168K)
 Metaspace       used 116920K, capacity 120089K, committed 120960K, reserved 1155072K
  class space    used 14579K, capacity 15703K, committed 16000K, reserved 1048576K
}
Event: 2276.525 GC heap after
{Heap after GC invocations=31 (full 0):
 garbage-first heap   total 280576K, used 152906K [0x0000000080000000, 0x0000000100000000)
  region size 1024K, 2 young (2048K), 2 survivors (2048K)
 Metaspace       used 116920K, capacity 120089K, committed 120960K, reserved 1155072K
  class space    used 14579K, capacity 15703K, committed 16000K, reserved 1048576K
}
Event: 2279.050 GC heap before
{Heap before GC invocations=31 (full 0):
 garbage-first heap   total 280576K, used 214346K [0x0000000080000000, 0x0000000100000000)
  region size 1024K, 63 young (64512K), 2 survivors (2048K)
 Metaspace       used 117901K, capacity 121007K, committed 121984K, reserved 1155072K
  class space    used 14636K, capacity 15742K, committed 16000K, reserved 1048576K
}
Event: 2279.058 GC heap after
{Heap after GC invocations=32 (full 0):
 garbage-first heap   total 280576K, used 153671K [0x0000000080000000, 0x0000000100000000)
  region size 1024K, 3 young (3072K), 3 survivors (3072K)
 Metaspace       used 117901K, capacity 121007K, committed 121984K, reserved 1155072K
  class space    used 14636K, capacity 15742K, committed 16000K, reserved 1048576K
}
Event: 2283.225 GC heap before
{Heap before GC invocations=33 (full 0):
 garbage-first heap   total 280576K, used 195655K [0x0000000080000000, 0x0000000100000000)
  region size 1024K, 68 young (69632K), 3 survivors (3072K)
 Metaspace       used 119522K, capacity 122634K, committed 123392K, reserved 1157120K
  class space    used 14809K, capacity 15939K, committed 16128K, reserved 1048576K
}
Event: 2283.242 GC heap after
{Heap after GC invocations=34 (full 0):
 garbage-first heap   total 280576K, used 131670K [0x0000000080000000, 0x0000000100000000)
  region size 1024K, 4 young (4096K), 4 survivors (4096K)
 Metaspace       used 119522K, capacity 122634K, committed 123392K, reserved 1157120K
  class space    used 14809K, capacity 15939K, committed 16128K, reserved 1048576K
}
Event: 2284.758 GC heap before
{Heap before GC invocations=34 (full 0):
 garbage-first heap   total 280576K, used 140886K [0x0000000080000000, 0x0000000100000000)
  region size 1024K, 13 young (13312K), 4 survivors (4096K)
 Metaspace       used 119624K, capacity 122806K, committed 123520K, reserved 1157120K
  class space    used 14819K, capacity 15973K, committed 16256K, reserved 1048576K
}
Event: 2285.077 GC heap after
{Heap after GC invocations=35 (full 0):
 garbage-first heap   total 280576K, used 119069K [0x0000000080000000, 0x0000000100000000)
  region size 1024K, 2 young (2048K), 2 survivors (2048K)
 Metaspace       used 119624K, capacity 122806K, committed 123520K, reserved 1157120K
  class space    used 14819K, capacity 15973K, committed 16256K, reserved 1048576K
}
Event: 2289.678 GC heap before
{Heap before GC invocations=35 (full 0):
 garbage-first heap   total 280576K, used 170269K [0x0000000080000000, 0x0000000100000000)
  region size 1024K, 53 young (54272K), 2 survivors (2048K)
 Metaspace       used 120142K, capacity 123363K, committed 124032K, reserved 1157120K
  class space    used 14860K, capacity 16019K, committed 16256K, reserved 1048576K
}
Event: 2289.694 GC heap after
{Heap after GC invocations=36 (full 0):
 garbage-first heap   total 280576K, used 123094K [0x0000000080000000, 0x0000000100000000)
  region size 1024K, 6 young (6144K), 6 survivors (6144K)
 Metaspace       used 120142K, capacity 123363K, committed 124032K, reserved 1157120K
  class space    used 14860K, capacity 16019K, committed 16256K, reserved 1048576K
}
Event: 2291.940 GC heap before
{Heap before GC invocations=36 (full 0):
 garbage-first heap   total 280576K, used 176342K [0x0000000080000000, 0x0000000100000000)
  region size 1024K, 59 young (60416K), 6 survivors (6144K)
 Metaspace       used 123543K, capacity 126820K, committed 127232K, reserved 1159168K
  class space    used 15349K, capacity 16534K, committed 16640K, reserved 1048576K
}
Event: 2291.963 GC heap after
{Heap after GC invocations=37 (full 0):
 garbage-first heap   total 280576K, used 127712K [0x0000000080000000, 0x0000000100000000)
  region size 1024K, 5 young (5120K), 5 survivors (5120K)
 Metaspace       used 123543K, capacity 126820K, committed 127232K, reserved 1159168K
  class space    used 15349K, capacity 16534K, committed 16640K, reserved 1048576K
}
Event: 2293.790 GC heap before
{Heap before GC invocations=37 (full 0):
 garbage-first heap   total 280576K, used 183008K [0x0000000080000000, 0x0000000100000000)
  region size 1024K, 60 young (61440K), 5 survivors (5120K)
 Metaspace       used 126914K, capacity 130282K, committed 130432K, reserved 1163264K
  class space    used 15779K, capacity 16963K, committed 17024K, reserved 1048576K
}
Event: 2293.814 GC heap after
{Heap after GC invocations=38 (full 0):
 garbage-first heap   total 280576K, used 129983K [0x0000000080000000, 0x0000000100000000)
  region size 1024K, 7 young (7168K), 7 survivors (7168K)
 Metaspace       used 126914K, capacity 130282K, committed 130432K, reserved 1163264K
  class space    used 15779K, capacity 16963K, committed 17024K, reserved 1048576K
}
Event: 2297.908 GC heap before
{Heap before GC invocations=39 (full 0):
 garbage-first heap   total 280576K, used 208831K [0x0000000080000000, 0x0000000100000000)
  region size 1024K, 84 young (86016K), 7 survivors (7168K)
 Metaspace       used 132689K, capacity 136316K, committed 136576K, reserved 1167360K
  class space    used 16624K, capacity 17955K, committed 18048K, reserved 1048576K
}
Event: 2297.934 GC heap after
{Heap after GC invocations=40 (full 0):
 garbage-first heap   total 280576K, used 133690K [0x0000000080000000, 0x0000000100000000)
  region size 1024K, 9 young (9216K), 9 survivors (9216K)
 Metaspace       used 132689K, capacity 136316K, committed 136576K, reserved 1167360K
  class space    used 16624K, capacity 17955K, committed 18048K, reserved 1048576K
}
Event: 2298.040 GC heap before
{Heap before GC invocations=40 (full 0):
 garbage-first heap   total 280576K, used 137786K [0x0000000080000000, 0x0000000100000000)
  region size 1024K, 13 young (13312K), 9 survivors (9216K)
 Metaspace       used 132763K, capacity 136395K, committed 136576K, reserved 1167360K
  class space    used 16628K, capacity 17960K, committed 18048K, reserved 1048576K
}
Event: 2298.074 GC heap after
{Heap after GC invocations=41 (full 0):
 garbage-first heap   total 280576K, used 128185K [0x0000000080000000, 0x0000000100000000)
  region size 1024K, 2 young (2048K), 2 survivors (2048K)
 Metaspace       used 132763K, capacity 136395K, committed 136576K, reserved 1167360K
  class space    used 16628K, capacity 17960K, committed 18048K, reserved 1048576K
}
Event: 2300.009 GC heap before
{Heap before GC invocations=41 (full 0):
 garbage-first heap   total 280576K, used 218297K [0x0000000080000000, 0x0000000100000000)
  region size 1024K, 90 young (92160K), 2 survivors (2048K)
 Metaspace       used 133631K, capacity 137368K, committed 137728K, reserved 1169408K
  class space    used 16715K, capacity 18057K, committed 18176K, reserved 1048576K
}
Event: 2300.023 GC heap after
{Heap after GC invocations=42 (full 0):
 garbage-first heap   total 280576K, used 128313K [0x0000000080000000, 0x0000000100000000)
  region size 1024K, 2 young (2048K), 2 survivors (2048K)
 Metaspace       used 133631K, capacity 137368K, committed 137728K, reserved 1169408K
  class space    used 16715K, capacity 18057K, committed 18176K, reserved 1048576K
}

